Generated at 2022-08-30 10:12:59 +0000
Net::HTTPServerException: 412 "Precondition Failed"
/opt/chefdk/embedded/lib/ruby/2.4.0/net/http/response.rb:122:in `error!'
/opt/chefdk/embedded/lib/ruby/gems/2.4.0/gems/chef-13.8.5/lib/chef/http.rb:152:in `request'
/opt/chefdk/embedded/lib/ruby/gems/2.4.0/gems/chef-13.8.5/lib/chef/http.rb:131:in `post'
/opt/chefdk/embedded/lib/ruby/gems/2.4.0/gems/chef-13.8.5/lib/chef/policy_builder/expand_node_object.rb:177:in `sync_cookbooks'
/opt/chefdk/embedded/lib/ruby/gems/2.4.0/gems/chef-13.8.5/lib/chef/policy_builder/expand_node_object.rb:83:in `setup_run_context'
/opt/chefdk/embedded/lib/ruby/gems/2.4.0/gems/chef-13.8.5/lib/chef/client.rb:513:in `setup_run_context'
/opt/chefdk/embedded/lib/ruby/gems/2.4.0/gems/chef-13.8.5/lib/chef/client.rb:281:in `run'
/opt/chefdk/embedded/lib/ruby/gems/2.4.0/gems/chef-13.8.5/lib/chef/application.rb:292:in `block in fork_chef_client'
/opt/chefdk/embedded/lib/ruby/gems/2.4.0/gems/chef-13.8.5/lib/chef/application.rb:280:in `fork'
/opt/chefdk/embedded/lib/ruby/gems/2.4.0/gems/chef-13.8.5/lib/chef/application.rb:280:in `fork_chef_client'
/opt/chefdk/embedded/lib/ruby/gems/2.4.0/gems/chef-13.8.5/lib/chef/application.rb:245:in `block in run_chef_client'
/opt/chefdk/embedded/lib/ruby/gems/2.4.0/gems/chef-13.8.5/lib/chef/local_mode.rb:44:in `with_server_connectivity'
/opt/chefdk/embedded/lib/ruby/gems/2.4.0/gems/chef-13.8.5/lib/chef/application.rb:233:in `run_chef_client'
/opt/chefdk/embedded/lib/ruby/gems/2.4.0/gems/chef-13.8.5/lib/chef/application/client.rb:469:in `sleep_then_run_chef_client'
/opt/chefdk/embedded/lib/ruby/gems/2.4.0/gems/chef-13.8.5/lib/chef/application/client.rb:458:in `block in interval_run_chef_client'
/opt/chefdk/embedded/lib/ruby/gems/2.4.0/gems/chef-13.8.5/lib/chef/application/client.rb:457:in `loop'
/opt/chefdk/embedded/lib/ruby/gems/2.4.0/gems/chef-13.8.5/lib/chef/application/client.rb:457:in `interval_run_chef_client'
/opt/chefdk/embedded/lib/ruby/gems/2.4.0/gems/chef-13.8.5/lib/chef/application/client.rb:441:in `run_application'
/opt/chefdk/embedded/lib/ruby/gems/2.4.0/gems/chef-13.8.5/lib/chef/application.rb:59:in `run'
/opt/chefdk/embedded/lib/ruby/gems/2.4.0/gems/chef-13.8.5/lib/chef/application/solo.rb:225:in `run'
/opt/chefdk/embedded/lib/ruby/gems/2.4.0/gems/chef-13.8.5/bin/chef-solo:25:in `<top (required)>'
/bin/chef-solo:250:in `load'
/bin/chef-solo:250:in `<main>'